build/app/intermediates/manifest_merge_blame_file/singlaRelease/manifest-merger-blame-singla-release-report.txt
1<?xml version="1.0" encoding="utf-8"?>
2<manifest xmlns:android="http://schemas.android.com/apk/res/android"
3    package="com.i.singla.iattendanceapp"
4    android:versionCode="7"
5    android:versionName="1.0.6" >
6
7    <uses-sdk
8        android:minSdkVersion="21"
9        android:targetSdkVersion="36" />
10
11    <uses-feature
11-->src/main/AndroidManifest.xml:5:1-7:36
12        android:name="android.hardware.camera"
12-->src/main/AndroidManifest.xml:6:9-47
13        android:required="false" />
13-->src/main/AndroidManifest.xml:7:9-33
14
15    <uses-permission android:name="android.permission.INTERNET" />
15-->src/main/AndroidManifest.xml:9:5-66
15-->src/main/AndroidManifest.xml:9:22-64
16    <uses-permission android:name="android.permission.CAMERA" />
16-->src/main/AndroidManifest.xml:10:5-64
16-->src/main/AndroidManifest.xml:10:22-62
17    <uses-permission android:name="android.permission.ACCESS_NETWORK_STATE" />
17-->src/main/AndroidManifest.xml:11:5-78
17-->src/main/AndroidManifest.xml:11:22-76
18    <!-- <uses-permission android:name="android.permission.READ_EXTERNAL_STORAGE"/> -->
19    <!-- <uses-permission android:name="android.permission.WRITE_EXTERNAL_STORAGE"/> -->
20
21    <uses-permission
21-->src/main/AndroidManifest.xml:15:5-79
22        android:name="android.permission.READ_EXTERNAL_STORAGE"
22-->src/main/AndroidManifest.xml:15:22-77
23        android:maxSdkVersion="32" />
23-->[:file_picker] AndroidManifest.xml:9:9-35
24    <uses-permission
24-->src/main/AndroidManifest.xml:16:5-17:37
25        android:name="android.permission.WRITE_EXTERNAL_STORAGE"
25-->src/main/AndroidManifest.xml:16:22-78
26        android:maxSdkVersion="28" />
26-->src/main/AndroidManifest.xml:17:9-35
27
28    <!-- <uses-permission android:name="android.permission.READ_EXTERNAL_STORAGE" /> -->
29    <!-- <uses-permission android:name="android.permission.WRITE_EXTERNAL_STORAGE" /> -->
30    <!-- <uses-permission android:name="android.permission.READ_MEDIA_IMAGES"/> -->
31    <uses-permission android:name="android.permission.FOREGROUND_SERVICE" />
31-->src/main/AndroidManifest.xml:22:5-76
31-->src/main/AndroidManifest.xml:22:22-74
32    <uses-permission android:name="android.permission.RECORD_AUDIO" />
32-->src/main/AndroidManifest.xml:24:5-70
32-->src/main/AndroidManifest.xml:24:22-68
33    <uses-permission android:name="android.permission.ACCESS_FINE_LOCATION" />
33-->src/main/AndroidManifest.xml:27:5-78
33-->src/main/AndroidManifest.xml:27:22-76
34    <uses-permission android:name="android.permission.ACCESS_COARSE_LOCATION" />
34-->src/main/AndroidManifest.xml:28:5-80
34-->src/main/AndroidManifest.xml:28:22-78
35    <uses-permission android:name="android.permission.ACCESS_BACKGROUND_LOCATION" />
35-->src/main/AndroidManifest.xml:30:5-85
35-->src/main/AndroidManifest.xml:30:22-82
36    <uses-permission android:name="android.permission.WAKE_LOCK" />
36-->src/main/AndroidManifest.xml:32:5-68
36-->src/main/AndroidManifest.xml:32:22-65
37    <uses-permission android:name="android.permission.FOREGROUND_SERVICE_LOCATION" />
37-->src/main/AndroidManifest.xml:33:5-86
37-->src/main/AndroidManifest.xml:33:22-83
38    <!-- <uses-permission android:name="android.permission.POST_NOTIFICATIONS" /> -->
39    <!-- <uses-permission android:name="android.permission.FOREGROUND_SERVICE_DATA_SYNC" /> -->
40    <uses-permission android:name="android.permission.POST_NOTIFICATIONS" />
40-->src/main/AndroidManifest.xml:36:5-77
40-->src/main/AndroidManifest.xml:36:22-74
41    <uses-permission android:name="android.permission.REQUEST_IGNORE_BATTERY_OPTIMIZATIONS" />
41-->src/main/AndroidManifest.xml:37:5-95
41-->src/main/AndroidManifest.xml:37:22-92
42
43    <!-- <uses-permission android:name="android.permission.FOREGROUND_SERVICE_SPECIAL_USE" tools:ignore="NewApi" /> -->
44
45    <uses-permission android:name="android.permission.RECEIVE_BOOT_COMPLETED" />
45-->src/main/AndroidManifest.xml:41:5-80
45-->src/main/AndroidManifest.xml:41:22-78
46    <uses-permission android:name="android.permission.SCHEDULE_EXACT_ALARM" />
46-->src/main/AndroidManifest.xml:42:5-43:46
46-->src/main/AndroidManifest.xml:42:22-76
47    <!--
48         Required to query activities that can process text, see:
49         https://developer.android.com/training/package-visibility and
50         https://developer.android.com/reference/android/content/Intent#ACTION_PROCESS_TEXT.
51
52         In particular, this is used by the Flutter engine in io.flutter.plugin.text.ProcessTextPlugin.
53    -->
54    <queries>
54-->src/main/AndroidManifest.xml:139:5-144:15
55        <intent>
55-->src/main/AndroidManifest.xml:140:9-143:18
56            <action android:name="android.intent.action.PROCESS_TEXT" />
56-->src/main/AndroidManifest.xml:141:13-72
56-->src/main/AndroidManifest.xml:141:21-70
57
58            <data android:mimeType="text/plain" />
58-->src/main/AndroidManifest.xml:142:13-50
58-->src/main/AndroidManifest.xml:142:19-48
59        </intent>
60        <intent>
60-->[:file_picker] AndroidManifest.xml:12:9-16:18
61            <action android:name="android.intent.action.GET_CONTENT" />
61-->[:file_picker] AndroidManifest.xml:13:13-72
61-->[:file_picker] AndroidManifest.xml:13:21-69
62
63            <data android:mimeType="*/*" />
63-->src/main/AndroidManifest.xml:142:13-50
63-->src/main/AndroidManifest.xml:142:19-48
64        </intent> <!-- Needs to be explicitly declared on Android R+ -->
65        <package android:name="com.google.android.apps.maps" />
65-->[com.google.android.gms:play-services-maps:18.2.0] AndroidManifest.xml:33:9-64
65-->[com.google.android.gms:play-services-maps:18.2.0] AndroidManifest.xml:33:18-61
66    </queries>
67
68    <uses-feature android:name="android.hardware.camera.any" />
68-->[:camera_android_camerax] AndroidManifest.xml:7:5-64
68-->[:camera_android_camerax] AndroidManifest.xml:7:19-61
69
70    <uses-permission android:name="android.permission.VIBRATE" /> <!-- Required by older versions of Google Play services to create IID tokens -->
70-->[:flutter_local_notifications] AndroidManifest.xml:7:5-66
70-->[:flutter_local_notifications] AndroidManifest.xml:7:22-63
71    <uses-permission android:name="com.google.android.c2dm.permission.RECEIVE" />
71-->[com.google.firebase:firebase-iid:21.1.0] AndroidManifest.xml:26:5-82
71-->[com.google.firebase:firebase-iid:21.1.0] AndroidManifest.xml:26:22-79
72
73    <uses-feature
73-->[com.google.android.gms:play-services-maps:18.2.0] AndroidManifest.xml:26:5-28:35
74        android:glEsVersion="0x00020000"
74-->[com.google.android.gms:play-services-maps:18.2.0] AndroidManifest.xml:27:9-41
75        android:required="true" />
75-->[com.google.android.gms:play-services-maps:18.2.0] AndroidManifest.xml:28:9-32
76
77    <uses-permission android:name="com.google.android.gms.permission.AD_ID" />
77-->[com.google.android.gms:play-services-measurement-api:21.6.1] AndroidManifest.xml:25:5-79
77-->[com.google.android.gms:play-services-measurement-api:21.6.1] AndroidManifest.xml:25:22-76
78    <uses-permission android:name="android.permission.ACCESS_ADSERVICES_ATTRIBUTION" />
78-->[com.google.android.gms:play-services-measurement-api:21.6.1] AndroidManifest.xml:26:5-88
78-->[com.google.android.gms:play-services-measurement-api:21.6.1] AndroidManifest.xml:26:22-85
79    <uses-permission android:name="android.permission.ACCESS_ADSERVICES_AD_ID" />
79-->[com.google.android.gms:play-services-measurement-api:21.6.1] AndroidManifest.xml:27:5-82
79-->[com.google.android.gms:play-services-measurement-api:21.6.1] AndroidManifest.xml:27:22-79
80    <uses-permission android:name="com.google.android.providers.gsf.permission.READ_GSERVICES" />
80-->[com.google.android.recaptcha:recaptcha:18.4.0] AndroidManifest.xml:9:5-98
80-->[com.google.android.recaptcha:recaptcha:18.4.0] AndroidManifest.xml:9:22-95
81    <uses-permission android:name="com.google.android.finsky.permission.BIND_GET_INSTALL_REFERRER_SERVICE" />
81-->[com.google.android.gms:play-services-measurement:21.6.1] AndroidManifest.xml:26:5-110
81-->[com.google.android.gms:play-services-measurement:21.6.1] AndroidManifest.xml:26:22-107
82
83    <permission
83-->[androidx.core:core:1.13.1] AndroidManifest.xml:22:5-24:47
84        android:name="com.i.singla.iattendanceapp.DYNAMIC_RECEIVER_NOT_EXPORTED_PERMISSION"
84-->[androidx.core:core:1.13.1] AndroidManifest.xml:23:9-81
85        android:protectionLevel="signature" />
85-->[androidx.core:core:1.13.1] AndroidManifest.xml:24:9-44
86
87    <uses-permission android:name="com.i.singla.iattendanceapp.DYNAMIC_RECEIVER_NOT_EXPORTED_PERMISSION" />
87-->[androidx.core:core:1.13.1] AndroidManifest.xml:26:5-97
87-->[androidx.core:core:1.13.1] AndroidManifest.xml:26:22-94
88
89    <application
90        android:name="android.app.Application"
90-->src/main/AndroidManifest.xml:50:9-42
91        android:allowBackup="false"
91-->src/main/AndroidManifest.xml:47:9-36
92        android:appComponentFactory="androidx.core.app.CoreComponentFactory"
92-->[androidx.core:core:1.13.1] AndroidManifest.xml:28:18-86
93        android:extractNativeLibs="true"
94        android:fullBackupContent="false"
94-->src/main/AndroidManifest.xml:48:9-42
95        android:icon="@mipmap/ic_launcher"
95-->src/main/AndroidManifest.xml:51:9-43
96        android:label="@string/app_name"
96-->src/main/AndroidManifest.xml:46:9-41
97        android:requestLegacyExternalStorage="true"
97-->src/main/AndroidManifest.xml:49:9-52
98        android:usesCleartextTraffic="true" >
98-->src/main/AndroidManifest.xml:52:9-44
99        <activity
99-->src/main/AndroidManifest.xml:53:9-77:20
100            android:name="com.waterman_iattandance.MainActivity"
100-->src/main/AndroidManifest.xml:54:13-41
101            android:configChanges="orientation|keyboardHidden|keyboard|screenSize|smallestScreenSize|locale|layoutDirection|fontScale|screenLayout|density|uiMode"
101-->src/main/AndroidManifest.xml:59:13-163
102            android:exported="true"
102-->src/main/AndroidManifest.xml:55:13-36
103            android:hardwareAccelerated="true"
103-->src/main/AndroidManifest.xml:60:13-47
104            android:launchMode="singleTop"
104-->src/main/AndroidManifest.xml:56:13-43
105            android:taskAffinity=""
105-->src/main/AndroidManifest.xml:57:13-36
106            android:theme="@style/LaunchTheme"
106-->src/main/AndroidManifest.xml:58:13-47
107            android:windowSoftInputMode="adjustResize" >
107-->src/main/AndroidManifest.xml:61:13-55
108
109            <!--
110                 Specifies an Android theme to apply to this Activity as soon as
111                 the Android process has started. This theme is visible to the user
112                 while the Flutter UI initializes. After that, this theme continues
113                 to determine the Window background behind the Flutter UI.
114            -->
115            <meta-data
115-->src/main/AndroidManifest.xml:66:13-69:17
116                android:name="io.flutter.embedding.android.NormalTheme"
116-->src/main/AndroidManifest.xml:67:15-70
117                android:resource="@style/NormalTheme" />
117-->src/main/AndroidManifest.xml:68:15-52
118
119            <intent-filter>
119-->src/main/AndroidManifest.xml:73:13-76:29
120                <action android:name="android.intent.action.MAIN" />
120-->src/main/AndroidManifest.xml:74:17-68
120-->src/main/AndroidManifest.xml:74:25-66
121
122                <category android:name="android.intent.category.LAUNCHER" />
122-->src/main/AndroidManifest.xml:75:17-76
122-->src/main/AndroidManifest.xml:75:27-74
123            </intent-filter>
124        </activity>
125        <!--
126             Don't delete the meta-data below.
127             This is used by the Flutter tool to generate GeneratedPluginRegistrant.java
128        -->
129        <meta-data
129-->src/main/AndroidManifest.xml:80:9-82:33
130            android:name="flutterEmbedding"
130-->src/main/AndroidManifest.xml:81:13-44
131            android:value="2" />
131-->src/main/AndroidManifest.xml:82:13-30
132        <meta-data
132-->src/main/AndroidManifest.xml:85:9-87:70
133            android:name="com.google.android.geo.API_KEY"
133-->src/main/AndroidManifest.xml:86:13-58
134            android:value="AIzaSyDCWLNgrF5otFl4xytzAEj5UavcbtU1YNs" />
134-->src/main/AndroidManifest.xml:87:13-68
135
136        <receiver
136-->src/main/AndroidManifest.xml:89:9-97:20
137            android:name="com.dexterous.flutterlocalnotifications.ScheduledNotificationBootReceiver"
137-->src/main/AndroidManifest.xml:90:13-101
138            android:enabled="true"
138-->src/main/AndroidManifest.xml:91:13-35
139            android:exported="false" > <!-- Add this line -->
139-->src/main/AndroidManifest.xml:92:13-37
140            <intent-filter>
140-->src/main/AndroidManifest.xml:93:13-96:29
141                <action android:name="android.intent.action.BOOT_COMPLETED" />
141-->src/main/AndroidManifest.xml:94:17-78
141-->src/main/AndroidManifest.xml:94:25-76
142                <action android:name="android.intent.action.MY_PACKAGE_REPLACED" />
142-->src/main/AndroidManifest.xml:95:17-83
142-->src/main/AndroidManifest.xml:95:25-81
143            </intent-filter>
144        </receiver>
145
146        <!-- <service -->
147        <!-- android:name="id.flutter.flutter_background_service.BackgroundService" -->
148        <!-- android:exported="false" -->
149        <!-- android:permission="android.permission.FOREGROUND_SERVICE" -->
150        <!-- android:foregroundServiceType="location" -->
151        <!-- tools:replace="android:exported,android:foregroundServiceType" /> -->
152
153        <service
153-->src/main/AndroidManifest.xml:107:9-112:98
154            android:name="id.flutter.flutter_background_service.BackgroundService"
154-->src/main/AndroidManifest.xml:108:13-83
155            android:enabled="true"
155-->[:flutter_background_service_android] AndroidManifest.xml:14:13-35
156            android:exported="false"
156-->src/main/AndroidManifest.xml:109:13-37
157            android:foregroundServiceType="location"
157-->src/main/AndroidManifest.xml:110:13-53
158            android:stopWithTask="false" />
158-->src/main/AndroidManifest.xml:111:13-41
159
160        <!-- AlarmManager service -->
161        <service
161-->src/main/AndroidManifest.xml:115:9-118:39
162            android:name="dev.fluttercommunity.plus.androidalarmmanager.AlarmService"
162-->src/main/AndroidManifest.xml:116:13-86
163            android:exported="false"
163-->src/main/AndroidManifest.xml:118:13-37
164            android:permission="android.permission.BIND_JOB_SERVICE" />
164-->src/main/AndroidManifest.xml:117:13-69
165
166        <receiver
166-->src/main/AndroidManifest.xml:120:9-122:39
167            android:name="dev.fluttercommunity.plus.androidalarmmanager.AlarmBroadcastReceiver"
167-->src/main/AndroidManifest.xml:121:13-96
168            android:exported="false" />
168-->src/main/AndroidManifest.xml:122:13-37
169        <receiver
169-->src/main/AndroidManifest.xml:124:9-131:20
170            android:name="dev.fluttercommunity.plus.androidalarmmanager.RebootBroadcastReceiver"
170-->src/main/AndroidManifest.xml:125:13-97
171            android:enabled="false"
171-->src/main/AndroidManifest.xml:126:13-36
172            android:exported="false" >
172-->src/main/AndroidManifest.xml:127:13-37
173            <intent-filter>
173-->src/main/AndroidManifest.xml:128:13-130:29
174                <action android:name="android.intent.action.BOOT_COMPLETED" />
174-->src/main/AndroidManifest.xml:94:17-78
174-->src/main/AndroidManifest.xml:94:25-76
175            </intent-filter>
176        </receiver>
177
178        <service
178-->[:firebase_analytics] AndroidManifest.xml:12:9-16:19
179            android:name="com.google.firebase.components.ComponentDiscoveryService"
179-->[:firebase_analytics] AndroidManifest.xml:12:18-89
180            android:directBootAware="true"
180-->[com.google.firebase:firebase-common:20.4.3] AndroidManifest.xml:32:13-43
181            android:exported="false" >
181-->[com.google.firebase:firebase-iid:21.1.0] AndroidManifest.xml:31:13-37
182            <meta-data
182-->[:firebase_analytics] AndroidManifest.xml:13:13-15:85
183                android:name="com.google.firebase.components:io.flutter.plugins.firebase.analytics.FlutterFirebaseAppRegistrar"
183-->[:firebase_analytics] AndroidManifest.xml:14:17-128
184                android:value="com.google.firebase.components.ComponentRegistrar" />
184-->[:firebase_analytics] AndroidManifest.xml:15:17-82
185            <meta-data
185-->[:firebase_auth] AndroidManifest.xml:9:13-11:85
186                android:name="com.google.firebase.components:io.flutter.plugins.firebase.auth.FlutterFirebaseAuthRegistrar"
186-->[:firebase_auth] AndroidManifest.xml:10:17-124
187                android:value="com.google.firebase.components.ComponentRegistrar" />
187-->[:firebase_auth] AndroidManifest.xml:11:17-82
188            <meta-data
188-->[:firebase_crashlytics] AndroidManifest.xml:9:13-11:85
189                android:name="com.google.firebase.components:io.flutter.plugins.firebase.crashlytics.FlutterFirebaseAppRegistrar"
189-->[:firebase_crashlytics] AndroidManifest.xml:10:17-130
190                android:value="com.google.firebase.components.ComponentRegistrar" />
190-->[:firebase_crashlytics] AndroidManifest.xml:11:17-82
191            <meta-data
191-->[:firebase_messaging] AndroidManifest.xml:36:13-38:85
192                android:name="com.google.firebase.components:io.flutter.plugins.firebase.messaging.FlutterFirebaseAppRegistrar"
192-->[:firebase_messaging] AndroidManifest.xml:37:17-128
193                android:value="com.google.firebase.components.ComponentRegistrar" />
193-->[:firebase_messaging] AndroidManifest.xml:38:17-82
194            <meta-data
194-->[:firebase_remote_config] AndroidManifest.xml:9:13-11:85
195                android:name="com.google.firebase.components:io.flutter.plugins.firebase.firebaseremoteconfig.FlutterFirebaseAppRegistrar"
195-->[:firebase_remote_config] AndroidManifest.xml:10:17-139
196                android:value="com.google.firebase.components.ComponentRegistrar" />
196-->[:firebase_remote_config] AndroidManifest.xml:11:17-82
197            <meta-data
197-->[:firebase_core] AndroidManifest.xml:9:13-11:85
198                android:name="com.google.firebase.components:io.flutter.plugins.firebase.core.FlutterFirebaseCoreRegistrar"
198-->[:firebase_core] AndroidManifest.xml:10:17-124
199                android:value="com.google.firebase.components.ComponentRegistrar" />
199-->[:firebase_core] AndroidManifest.xml:11:17-82
200            <meta-data
200-->[com.google.firebase:firebase-iid:21.1.0] AndroidManifest.xml:32:13-34:85
201                android:name="com.google.firebase.components:com.google.firebase.iid.Registrar"
201-->[com.google.firebase:firebase-iid:21.1.0] AndroidManifest.xml:33:17-96
202                android:value="com.google.firebase.components.ComponentRegistrar" />
202-->[com.google.firebase:firebase-iid:21.1.0] AndroidManifest.xml:34:17-82
203            <meta-data
203-->[com.google.firebase:firebase-auth:22.3.1] AndroidManifest.xml:69:13-71:85
204                android:name="com.google.firebase.components:com.google.firebase.auth.FirebaseAuthRegistrar"
204-->[com.google.firebase:firebase-auth:22.3.1] AndroidManifest.xml:70:17-109
205                android:value="com.google.firebase.components.ComponentRegistrar" />
205-->[com.google.firebase:firebase-auth:22.3.1] AndroidManifest.xml:71:17-82
206            <meta-data
206-->[com.google.firebase:firebase-messaging:23.4.1] AndroidManifest.xml:57:13-59:85
207                android:name="com.google.firebase.components:com.google.firebase.messaging.FirebaseMessagingKtxRegistrar"
207-->[com.google.firebase:firebase-messaging:23.4.1] AndroidManifest.xml:58:17-122
208                android:value="com.google.firebase.components.ComponentRegistrar" />
208-->[com.google.firebase:firebase-messaging:23.4.1] AndroidManifest.xml:59:17-82
209            <meta-data
209-->[com.google.firebase:firebase-messaging:23.4.1] AndroidManifest.xml:60:13-62:85
210                android:name="com.google.firebase.components:com.google.firebase.messaging.FirebaseMessagingRegistrar"
210-->[com.google.firebase:firebase-messaging:23.4.1] AndroidManifest.xml:61:17-119
211                android:value="com.google.firebase.components.ComponentRegistrar" />
211-->[com.google.firebase:firebase-messaging:23.4.1] AndroidManifest.xml:62:17-82
212            <meta-data
212-->[com.google.firebase:firebase-config:21.6.3] AndroidManifest.xml:29:13-31:85
213                android:name="com.google.firebase.components:com.google.firebase.remoteconfig.FirebaseRemoteConfigKtxRegistrar"
213-->[com.google.firebase:firebase-config:21.6.3] AndroidManifest.xml:30:17-128
214                android:value="com.google.firebase.components.ComponentRegistrar" />
214-->[com.google.firebase:firebase-config:21.6.3] AndroidManifest.xml:31:17-82
215            <meta-data
215-->[com.google.firebase:firebase-config:21.6.3] AndroidManifest.xml:32:13-34:85
216                android:name="com.google.firebase.components:com.google.firebase.remoteconfig.RemoteConfigRegistrar"
216-->[com.google.firebase:firebase-config:21.6.3] AndroidManifest.xml:33:17-117
217                android:value="com.google.firebase.components.ComponentRegistrar" />
217-->[com.google.firebase:firebase-config:21.6.3] AndroidManifest.xml:34:17-82
218            <meta-data
218-->[com.google.firebase:firebase-crashlytics:18.6.3] AndroidManifest.xml:15:13-17:85
219                android:name="com.google.firebase.components:com.google.firebase.crashlytics.FirebaseCrashlyticsKtxRegistrar"
219-->[com.google.firebase:firebase-crashlytics:18.6.3] AndroidManifest.xml:16:17-126
220                android:value="com.google.firebase.components.ComponentRegistrar" />
220-->[com.google.firebase:firebase-crashlytics:18.6.3] AndroidManifest.xml:17:17-82
221            <meta-data
221-->[com.google.firebase:firebase-crashlytics:18.6.3] AndroidManifest.xml:18:13-20:85
222                android:name="com.google.firebase.components:com.google.firebase.crashlytics.CrashlyticsRegistrar"
222-->[com.google.firebase:firebase-crashlytics:18.6.3] AndroidManifest.xml:19:17-115
223                android:value="com.google.firebase.components.ComponentRegistrar" />
223-->[com.google.firebase:firebase-crashlytics:18.6.3] AndroidManifest.xml:20:17-82
224            <meta-data
224-->[com.google.android.gms:play-services-measurement-api:21.6.1] AndroidManifest.xml:37:13-39:85
225                android:name="com.google.firebase.components:com.google.firebase.analytics.connector.internal.AnalyticsConnectorRegistrar"
225-->[com.google.android.gms:play-services-measurement-api:21.6.1] AndroidManifest.xml:38:17-139
226                android:value="com.google.firebase.components.ComponentRegistrar" />
226-->[com.google.android.gms:play-services-measurement-api:21.6.1] AndroidManifest.xml:39:17-82
227            <meta-data
227-->[com.google.firebase:firebase-sessions:1.2.3] AndroidManifest.xml:29:13-31:85
228                android:name="com.google.firebase.components:com.google.firebase.sessions.FirebaseSessionsRegistrar"
228-->[com.google.firebase:firebase-sessions:1.2.3] AndroidManifest.xml:30:17-117
229                android:value="com.google.firebase.components.ComponentRegistrar" />
229-->[com.google.firebase:firebase-sessions:1.2.3] AndroidManifest.xml:31:17-82
230            <meta-data
230-->[com.google.firebase:firebase-installations:17.2.0] AndroidManifest.xml:15:13-17:85
231                android:name="com.google.firebase.components:com.google.firebase.installations.FirebaseInstallationsKtxRegistrar"
231-->[com.google.firebase:firebase-installations:17.2.0] AndroidManifest.xml:16:17-130
232                android:value="com.google.firebase.components.ComponentRegistrar" />
232-->[com.google.firebase:firebase-installations:17.2.0] AndroidManifest.xml:17:17-82
233            <meta-data
233-->[com.google.firebase:firebase-installations:17.2.0] AndroidManifest.xml:18:13-20:85
234                android:name="com.google.firebase.components:com.google.firebase.installations.FirebaseInstallationsRegistrar"
234-->[com.google.firebase:firebase-installations:17.2.0] AndroidManifest.xml:19:17-127
235                android:value="com.google.firebase.components.ComponentRegistrar" />
235-->[com.google.firebase:firebase-installations:17.2.0] AndroidManifest.xml:20:17-82
236            <meta-data
236-->[com.google.firebase:firebase-common-ktx:20.4.3] AndroidManifest.xml:12:13-14:85
237                android:name="com.google.firebase.components:com.google.firebase.ktx.FirebaseCommonLegacyRegistrar"
237-->[com.google.firebase:firebase-common-ktx:20.4.3] AndroidManifest.xml:13:17-116
238                android:value="com.google.firebase.components.ComponentRegistrar" />
238-->[com.google.firebase:firebase-common-ktx:20.4.3] AndroidManifest.xml:14:17-82
239            <meta-data
239-->[com.google.firebase:firebase-common:20.4.3] AndroidManifest.xml:35:13-37:85
240                android:name="com.google.firebase.components:com.google.firebase.FirebaseCommonKtxRegistrar"
240-->[com.google.firebase:firebase-common:20.4.3] AndroidManifest.xml:36:17-109
241                android:value="com.google.firebase.components.ComponentRegistrar" />
241-->[com.google.firebase:firebase-common:20.4.3] AndroidManifest.xml:37:17-82
242            <meta-data
242-->[com.google.firebase:firebase-abt:21.1.1] AndroidManifest.xml:12:13-14:85
243                android:name="com.google.firebase.components:com.google.firebase.abt.component.AbtRegistrar"
243-->[com.google.firebase:firebase-abt:21.1.1] AndroidManifest.xml:13:17-109
244                android:value="com.google.firebase.components.ComponentRegistrar" />
244-->[com.google.firebase:firebase-abt:21.1.1] AndroidManifest.xml:14:17-82
245            <meta-data
245-->[com.google.firebase:firebase-datatransport:18.1.8] AndroidManifest.xml:27:13-29:85
246                android:name="com.google.firebase.components:com.google.firebase.datatransport.TransportRegistrar"
246-->[com.google.firebase:firebase-datatransport:18.1.8] AndroidManifest.xml:28:17-115
247                android:value="com.google.firebase.components.ComponentRegistrar" />
247-->[com.google.firebase:firebase-datatransport:18.1.8] AndroidManifest.xml:29:17-82
248        </service>
249        <service
249-->[:firebase_messaging] AndroidManifest.xml:14:9-17:72
250            android:name="io.flutter.plugins.firebase.messaging.FlutterFirebaseMessagingBackgroundService"
250-->[:firebase_messaging] AndroidManifest.xml:15:13-107
251            android:exported="false"
251-->[:firebase_messaging] AndroidManifest.xml:16:13-37
252            android:permission="android.permission.BIND_JOB_SERVICE" />
252-->[:firebase_messaging] AndroidManifest.xml:17:13-69
253        <service
253-->[:firebase_messaging] AndroidManifest.xml:18:9-24:19
254            android:name="io.flutter.plugins.firebase.messaging.FlutterFirebaseMessagingService"
254-->[:firebase_messaging] AndroidManifest.xml:19:13-97
255            android:exported="false" >
255-->[:firebase_messaging] AndroidManifest.xml:20:13-37
256            <intent-filter>
256-->[:firebase_messaging] AndroidManifest.xml:21:13-23:29
257                <action android:name="com.google.firebase.MESSAGING_EVENT" />
257-->[:firebase_messaging] AndroidManifest.xml:22:17-78
257-->[:firebase_messaging] AndroidManifest.xml:22:25-75
258            </intent-filter>
259        </service>
260
261        <receiver
261-->[:firebase_messaging] AndroidManifest.xml:26:9-33:20
262            android:name="io.flutter.plugins.firebase.messaging.FlutterFirebaseMessagingReceiver"
262-->[:firebase_messaging] AndroidManifest.xml:27:13-98
263            android:exported="true"
263-->[:firebase_messaging] AndroidManifest.xml:28:13-36
264            android:permission="com.google.android.c2dm.permission.SEND" >
264-->[:firebase_messaging] AndroidManifest.xml:29:13-73
265            <intent-filter>
265-->[:firebase_messaging] AndroidManifest.xml:30:13-32:29
266                <action android:name="com.google.android.c2dm.intent.RECEIVE" />
266-->[:firebase_messaging] AndroidManifest.xml:31:17-81
266-->[:firebase_messaging] AndroidManifest.xml:31:25-78
267            </intent-filter>
268        </receiver>
269
270        <provider
270-->[:firebase_messaging] AndroidManifest.xml:41:9-45:38
271            android:name="io.flutter.plugins.firebase.messaging.FlutterFirebaseMessagingInitProvider"
271-->[:firebase_messaging] AndroidManifest.xml:42:13-102
272            android:authorities="com.i.singla.iattendanceapp.flutterfirebasemessaginginitprovider"
272-->[:firebase_messaging] AndroidManifest.xml:43:13-88
273            android:exported="false"
273-->[:firebase_messaging] AndroidManifest.xml:44:13-37
274            android:initOrder="99" />
274-->[:firebase_messaging] AndroidManifest.xml:45:13-35
275
276        <receiver
276-->[:flutter_background_service_android] AndroidManifest.xml:18:9-21:39
277            android:name="id.flutter.flutter_background_service.WatchdogReceiver"
277-->[:flutter_background_service_android] AndroidManifest.xml:19:13-82
278            android:enabled="true"
278-->[:flutter_background_service_android] AndroidManifest.xml:20:13-35
279            android:exported="true" />
279-->[:flutter_background_service_android] AndroidManifest.xml:21:13-36
280        <receiver
280-->[:flutter_background_service_android] AndroidManifest.xml:22:9-31:20
281            android:name="id.flutter.flutter_background_service.BootReceiver"
281-->[:flutter_background_service_android] AndroidManifest.xml:23:13-78
282            android:enabled="true"
282-->[:flutter_background_service_android] AndroidManifest.xml:24:13-35
283            android:exported="true" >
283-->[:flutter_background_service_android] AndroidManifest.xml:25:13-36